Sat Jul 02 11:51:20 CST 2016  [debug] AvalonLogSystem initialized using logfile 'velocity.log'
Sat Jul 02 11:51:20 CST 2016   [info] ************************************************************** 
Sat Jul 02 11:51:20 CST 2016   [info] Starting Jakarta Velocity v1.4
Sat Jul 02 11:51:20 CST 2016   [info] RuntimeInstance initializing.
Sat Jul 02 11:51:20 CST 2016   [info] Default Properties File: org/apache/velocity/runtime/defaults/velocity.properties
Sat Jul 02 11:51:20 CST 2016   [info] Trying to use logger class org.apache.velocity.runtime.log.AvalonLogSystem
Sat Jul 02 11:51:20 CST 2016   [info] Using logger class org.apache.velocity.runtime.log.AvalonLogSystem
Sat Jul 02 11:51:20 CST 2016   [info] Default ResourceManager initializing. (class org.apache.velocity.runtime.resource.ResourceManagerImpl)
Sat Jul 02 11:51:20 CST 2016   [info] Resource Loader Instantiated: org.apache.velocity.runtime.resource.loader.ClasspathResourceLoader
Sat Jul 02 11:51:20 CST 2016   [info] ClasspathResourceLoader : initialization starting.
Sat Jul 02 11:51:20 CST 2016   [info] ClasspathResourceLoader : initialization complete.
Sat Jul 02 11:51:20 CST 2016   [info] ResourceCache : initialized. (class org.apache.velocity.runtime.resource.ResourceCacheImpl)
Sat Jul 02 11:51:20 CST 2016   [info] Default ResourceManager initialization complete.
Sat Jul 02 11:51:20 CST 2016   [info] Loaded System Directive: org.apache.velocity.runtime.directive.Literal
Sat Jul 02 11:51:20 CST 2016   [info] Loaded System Directive: org.apache.velocity.runtime.directive.Macro
Sat Jul 02 11:51:20 CST 2016   [info] Loaded System Directive: org.apache.velocity.runtime.directive.Parse
Sat Jul 02 11:51:20 CST 2016   [info] Loaded System Directive: org.apache.velocity.runtime.directive.Include
Sat Jul 02 11:51:20 CST 2016   [info] Loaded System Directive: org.apache.velocity.runtime.directive.Foreach
Sat Jul 02 11:51:20 CST 2016   [info] Created: 20 parsers.
Sat Jul 02 11:51:20 CST 2016   [info] Velocimacro : initialization starting.
Sat Jul 02 11:51:20 CST 2016   [info] Velocimacro : adding VMs from VM library template : VM_global_library.vm
Sat Jul 02 11:51:20 CST 2016  [error] ResourceManager : unable to find resource 'VM_global_library.vm' in any resource loader.
Sat Jul 02 11:51:20 CST 2016   [info] Velocimacro : error using  VM library template VM_global_library.vm : org.apache.velocity.exception.ResourceNotFoundException: Unable to find resource 'VM_global_library.vm'
Sat Jul 02 11:51:20 CST 2016   [info] Velocimacro :  VM library template macro registration complete.
Sat Jul 02 11:51:20 CST 2016   [info] Velocimacro : allowInline = true : VMs can be defined inline in templates
Sat Jul 02 11:51:20 CST 2016   [info] Velocimacro : allowInlineToOverride = false : VMs defined inline may NOT replace previous VM definitions
Sat Jul 02 11:51:20 CST 2016   [info] Velocimacro : allowInlineLocal = false : VMs defined inline will be  global in scope if allowed.
Sat Jul 02 11:51:20 CST 2016   [info] Velocimacro : messages on  : VM system will output logging messages
Sat Jul 02 11:51:20 CST 2016   [info] Velocimacro : autoload off  : VM system will not automatically reload global library macros
Sat Jul 02 11:51:20 CST 2016   [info] Velocimacro : initialization complete.
Sat Jul 02 11:51:20 CST 2016   [info] Velocity successfully started.
